[2023-10-13 17:09:25,029: INFO: main: Welcome]
[2023-10-13 18:53:09,560: INFO: common: yaml file: config\config.yaml loaded successfully]
[2023-10-13 18:53:09,564: INFO: common: yaml file: params.yaml loaded successfully]
[2023-10-13 18:53:09,566: INFO: common: yaml file: schema.yaml loaded successfully]
[2023-10-13 18:53:09,567: INFO: common: created directory at: artifacts]
[2023-10-13 18:53:09,569: INFO: common: created directory at: artifacts/data_ingestion]
[2023-10-13 18:53:10,193: INFO: 2999159187: artifacts/data_ingestion/data.zip download! with following info: 
Connection: close
Content-Length: 23329
Cache-Control: max-age=300
Content-Security-Policy: default-src 'none'; style-src 'unsafe-inline'; sandbox
Content-Type: application/zip
ETag: "c69888a4ae59bc5a893392785a938ccd4937981c06ba8a9d6a21aa52b4ab5b6e"
Strict-Transport-Security: max-age=31536000
X-Content-Type-Options: nosniff
X-Frame-Options: deny
X-XSS-Protection: 1; mode=block
X-GitHub-Request-Id: A4E2:DA84:D5572B:DDA572:6529760F
Accept-Ranges: bytes
Date: Fri, 13 Oct 2023 16:53:36 GMT
Via: 1.1 varnish
X-Served-By: cache-ams21056-AMS
X-Cache: MISS
X-Cache-Hits: 0
X-Timer: S1697216016.906843,VS0,VE180
Vary: Authorization,Accept-Encoding,Origin
Access-Control-Allow-Origin: *
Cross-Origin-Resource-Policy: cross-origin
X-Fastly-Request-ID: 628f3c457efe642835ff4822963e9cda2dab1dd4
Expires: Fri, 13 Oct 2023 16:58:36 GMT
Source-Age: 0

]
[2023-10-13 19:10:17,432: INFO: main: >>>> stage Data Ingestion stage started <<<<<]
[2023-10-13 19:10:17,433: INFO: common: yaml file: config\config.yaml loaded successfully]
[2023-10-13 19:10:17,433: INFO: common: yaml file: params.yaml loaded successfully]
[2023-10-13 19:10:17,434: INFO: common: yaml file: schema.yaml loaded successfully]
[2023-10-13 19:10:17,435: INFO: common: created directory at: artifacts]
[2023-10-13 19:10:17,435: INFO: common: created directory at: artifacts/data_ingestion]
[2023-10-13 19:10:18,058: INFO: data_ingestion: artifacts/data_ingestion/data.zip download! with following info: 
Connection: close
Content-Length: 23329
Cache-Control: max-age=300
Content-Security-Policy: default-src 'none'; style-src 'unsafe-inline'; sandbox
Content-Type: application/zip
ETag: "c69888a4ae59bc5a893392785a938ccd4937981c06ba8a9d6a21aa52b4ab5b6e"
Strict-Transport-Security: max-age=31536000
X-Content-Type-Options: nosniff
X-Frame-Options: deny
X-XSS-Protection: 1; mode=block
X-GitHub-Request-Id: A4E2:DA84:D5572B:DDA572:6529760F
Accept-Ranges: bytes
Date: Fri, 13 Oct 2023 17:10:43 GMT
Via: 1.1 varnish
X-Served-By: cache-ams21078-AMS
X-Cache: HIT
X-Cache-Hits: 1
X-Timer: S1697217044.813712,VS0,VE140
Vary: Authorization,Accept-Encoding,Origin
Access-Control-Allow-Origin: *
Cross-Origin-Resource-Policy: cross-origin
X-Fastly-Request-ID: fd606dd12f44faf6073f78c8693fcc6ce944afbf
Expires: Fri, 13 Oct 2023 17:15:43 GMT
Source-Age: 0

]
[2023-10-13 19:10:18,070: INFO: main: >>>> stage Data Ingestion stage completed <<<<<

x========x]
[2023-10-13 19:15:30,493: INFO: main: >>>> stage Data Ingestion stage started <<<<<]
[2023-10-13 19:15:30,494: INFO: common: yaml file: config\config.yaml loaded successfully]
[2023-10-13 19:15:30,494: INFO: common: yaml file: params.yaml loaded successfully]
[2023-10-13 19:15:30,495: INFO: common: yaml file: schema.yaml loaded successfully]
[2023-10-13 19:15:30,495: INFO: common: created directory at: artifacts]
[2023-10-13 19:15:30,495: INFO: common: created directory at: artifacts/data_ingestion]
[2023-10-13 19:15:31,074: INFO: data_ingestion: artifacts/data_ingestion/data.zip download! with following info: 
Connection: close
Content-Length: 23329
Cache-Control: max-age=300
Content-Security-Policy: default-src 'none'; style-src 'unsafe-inline'; sandbox
Content-Type: application/zip
ETag: "c69888a4ae59bc5a893392785a938ccd4937981c06ba8a9d6a21aa52b4ab5b6e"
Strict-Transport-Security: max-age=31536000
X-Content-Type-Options: nosniff
X-Frame-Options: deny
X-XSS-Protection: 1; mode=block
X-GitHub-Request-Id: A4E2:DA84:D5572B:DDA572:6529760F
Accept-Ranges: bytes
Date: Fri, 13 Oct 2023 17:15:56 GMT
Via: 1.1 varnish
X-Served-By: cache-ams21063-AMS
X-Cache: HIT
X-Cache-Hits: 1
X-Timer: S1697217357.807891,VS0,VE164
Vary: Authorization,Accept-Encoding,Origin
Access-Control-Allow-Origin: *
Cross-Origin-Resource-Policy: cross-origin
X-Fastly-Request-ID: 57293c70587e3e0ee1b0bb0583aa13a6a5a42104
Expires: Fri, 13 Oct 2023 17:20:56 GMT
Source-Age: 0

]
[2023-10-13 19:15:31,083: INFO: main: >>>> stage Data Ingestion stage completed <<<<<

x========x]
[2023-10-14 17:21:40,620: INFO: common: yaml file: config\config.yaml loaded successfully]
[2023-10-14 17:21:40,622: INFO: common: yaml file: params.yaml loaded successfully]
[2023-10-14 17:21:40,624: INFO: common: yaml file: schema.yaml loaded successfully]
[2023-10-14 17:21:40,625: INFO: common: created directory at: artifacts]
[2023-10-14 17:22:42,010: INFO: common: yaml file: config\config.yaml loaded successfully]
[2023-10-14 17:22:42,012: INFO: common: yaml file: params.yaml loaded successfully]
[2023-10-14 17:22:42,015: INFO: common: yaml file: schema.yaml loaded successfully]
[2023-10-14 17:22:42,016: INFO: common: created directory at: artifacts]
[2023-10-14 17:22:42,017: INFO: common: created directory at: artifacts/data_validation]
[2023-10-14 17:23:01,348: INFO: common: yaml file: config\config.yaml loaded successfully]
[2023-10-14 17:23:01,350: INFO: common: yaml file: params.yaml loaded successfully]
[2023-10-14 17:23:01,352: INFO: common: yaml file: schema.yaml loaded successfully]
[2023-10-14 17:23:01,353: INFO: common: created directory at: artifacts]
[2023-10-14 17:23:01,354: INFO: common: created directory at: artifacts/data_validation]
[2023-10-14 17:36:43,873: INFO: main: >>>> stage Data Ingestion stage started <<<<<]
[2023-10-14 17:36:43,874: INFO: common: yaml file: config\config.yaml loaded successfully]
[2023-10-14 17:36:43,874: INFO: common: yaml file: params.yaml loaded successfully]
[2023-10-14 17:36:43,876: INFO: common: yaml file: schema.yaml loaded successfully]
[2023-10-14 17:36:43,877: INFO: common: created directory at: artifacts]
[2023-10-14 17:36:43,877: INFO: common: created directory at: artifacts/data_ingestion]
[2023-10-14 17:36:44,447: INFO: data_ingestion: artifacts/data_ingestion/data.zip download! with following info: 
Connection: close
Content-Length: 23329
Cache-Control: max-age=300
Content-Security-Policy: default-src 'none'; style-src 'unsafe-inline'; sandbox
Content-Type: application/zip
ETag: "c69888a4ae59bc5a893392785a938ccd4937981c06ba8a9d6a21aa52b4ab5b6e"
Strict-Transport-Security: max-age=31536000
X-Content-Type-Options: nosniff
X-Frame-Options: deny
X-XSS-Protection: 1; mode=block
X-GitHub-Request-Id: B9AA:6A08:15961C1:1686544:652AB5A7
Accept-Ranges: bytes
Date: Sat, 14 Oct 2023 15:37:11 GMT
Via: 1.1 varnish
X-Served-By: cache-ams21027-AMS
X-Cache: MISS
X-Cache-Hits: 0
X-Timer: S1697297831.463258,VS0,VE164
Vary: Authorization,Accept-Encoding,Origin
Access-Control-Allow-Origin: *
Cross-Origin-Resource-Policy: cross-origin
X-Fastly-Request-ID: 70711607ca2147b600729a6fa63681f4aec4258a
Expires: Sat, 14 Oct 2023 15:42:11 GMT
Source-Age: 0

]
[2023-10-14 17:36:44,456: INFO: main: >>>> stage Data Ingestion stage completed <<<<<

x========x]
[2023-10-14 17:36:44,456: INFO: main: >>>> stage Data Validation stage started <<<<<]
[2023-10-14 17:36:44,458: INFO: common: yaml file: config\config.yaml loaded successfully]
[2023-10-14 17:36:44,458: INFO: common: yaml file: params.yaml loaded successfully]
[2023-10-14 17:36:44,459: INFO: common: yaml file: schema.yaml loaded successfully]
[2023-10-14 17:36:44,460: INFO: common: created directory at: artifacts]
[2023-10-14 17:36:44,460: INFO: common: created directory at: artifacts/data_validation]
[2023-10-14 17:36:44,470: INFO: data_validation: Validation status: True]
[2023-10-14 17:36:44,471: INFO: data_validation: Validation status: True]
[2023-10-14 17:36:44,471: INFO: data_validation: Validation status: True]
[2023-10-14 17:36:44,472: INFO: data_validation: Validation status: True]
[2023-10-14 17:36:44,473: INFO: data_validation: Validation status: True]
[2023-10-14 17:36:44,473: INFO: data_validation: Validation status: True]
[2023-10-14 17:36:44,474: INFO: data_validation: Validation status: True]
[2023-10-14 17:36:44,474: INFO: data_validation: Validation status: True]
[2023-10-14 17:36:44,475: INFO: data_validation: Validation status: True]
[2023-10-14 17:36:44,475: INFO: data_validation: Validation status: True]
[2023-10-14 17:36:44,476: INFO: data_validation: Validation status: True]
[2023-10-14 17:36:44,476: INFO: data_validation: Validation status: True]
[2023-10-14 17:36:44,477: INFO: main: >>>> stage Data Validation stage completed <<<<<

x========x]
[2023-10-14 17:51:39,861: INFO: common: yaml file: config\config.yaml loaded successfully]
[2023-10-14 17:51:39,863: INFO: common: yaml file: params.yaml loaded successfully]
[2023-10-14 17:51:39,866: INFO: common: yaml file: schema.yaml loaded successfully]
[2023-10-14 17:51:39,868: INFO: common: created directory at: artifacts]
[2023-10-14 17:51:39,869: INFO: common: created directory at: artifacts/data_ingestion]
[2023-10-14 17:53:12,082: INFO: common: yaml file: config\config.yaml loaded successfully]
[2023-10-14 17:53:12,084: INFO: common: yaml file: params.yaml loaded successfully]
[2023-10-14 17:53:12,086: INFO: common: yaml file: schema.yaml loaded successfully]
[2023-10-14 17:53:12,087: INFO: common: created directory at: artifacts]
[2023-10-14 17:53:12,088: INFO: common: created directory at: artifacts/data_ingestion]
[2023-10-14 17:54:10,116: INFO: common: yaml file: config\config.yaml loaded successfully]
[2023-10-14 17:54:10,117: INFO: common: yaml file: params.yaml loaded successfully]
[2023-10-14 17:54:10,120: INFO: common: yaml file: schema.yaml loaded successfully]
[2023-10-14 17:54:10,121: INFO: common: created directory at: artifacts]
[2023-10-14 17:54:10,128: INFO: common: created directory at: artifacts/data_transformation]
[2023-10-14 17:54:10,150: INFO: 1231719952: Train-Test-Split was successful!]
[2023-10-14 17:54:10,151: INFO: 1231719952: Train-shape(1199, 12)]
[2023-10-14 17:54:10,152: INFO: 1231719952: Test-shape(400, 12)]
[2023-10-14 18:04:25,671: INFO: main: >>>> stage Data Ingestion stage started <<<<<]
[2023-10-14 18:04:25,673: INFO: common: yaml file: config\config.yaml loaded successfully]
[2023-10-14 18:04:25,674: INFO: common: yaml file: params.yaml loaded successfully]
[2023-10-14 18:04:25,675: INFO: common: yaml file: schema.yaml loaded successfully]
[2023-10-14 18:04:25,676: INFO: common: created directory at: artifacts]
[2023-10-14 18:04:25,676: INFO: common: created directory at: artifacts/data_ingestion]
[2023-10-14 18:04:26,263: INFO: data_ingestion: artifacts/data_ingestion/data.zip download! with following info: 
Connection: close
Content-Length: 23329
Cache-Control: max-age=300
Content-Security-Policy: default-src 'none'; style-src 'unsafe-inline'; sandbox
Content-Type: application/zip
ETag: "c69888a4ae59bc5a893392785a938ccd4937981c06ba8a9d6a21aa52b4ab5b6e"
Strict-Transport-Security: max-age=31536000
X-Content-Type-Options: nosniff
X-Frame-Options: deny
X-XSS-Protection: 1; mode=block
X-GitHub-Request-Id: B9AA:6A08:15961C1:1686544:652AB5A7
Accept-Ranges: bytes
Date: Sat, 14 Oct 2023 16:04:53 GMT
Via: 1.1 varnish
X-Served-By: cache-ams21077-AMS
X-Cache: HIT
X-Cache-Hits: 1
X-Timer: S1697299493.295156,VS0,VE151
Vary: Authorization,Accept-Encoding,Origin
Access-Control-Allow-Origin: *
Cross-Origin-Resource-Policy: cross-origin
X-Fastly-Request-ID: 9c39655b4baca4aea69a7d2fea0a46bd50f262b0
Expires: Sat, 14 Oct 2023 16:09:53 GMT
Source-Age: 0

]
[2023-10-14 18:04:26,272: INFO: main: >>>> stage Data Ingestion stage completed <<<<<

x========x]
[2023-10-14 18:04:26,272: INFO: main: >>>> stage Data Validation stage started <<<<<]
[2023-10-14 18:04:26,274: INFO: common: yaml file: config\config.yaml loaded successfully]
[2023-10-14 18:04:26,275: INFO: common: yaml file: params.yaml loaded successfully]
[2023-10-14 18:04:26,277: INFO: common: yaml file: schema.yaml loaded successfully]
[2023-10-14 18:04:26,277: INFO: common: created directory at: artifacts]
[2023-10-14 18:04:26,278: INFO: common: created directory at: artifacts/data_validation]
[2023-10-14 18:04:26,288: INFO: data_validation: Validation status: True]
[2023-10-14 18:04:26,289: INFO: data_validation: Validation status: True]
[2023-10-14 18:04:26,289: INFO: data_validation: Validation status: True]
[2023-10-14 18:04:26,290: INFO: data_validation: Validation status: True]
[2023-10-14 18:04:26,290: INFO: data_validation: Validation status: True]
[2023-10-14 18:04:26,291: INFO: data_validation: Validation status: True]
[2023-10-14 18:04:26,291: INFO: data_validation: Validation status: True]
[2023-10-14 18:04:26,292: INFO: data_validation: Validation status: True]
[2023-10-14 18:04:26,293: INFO: data_validation: Validation status: True]
[2023-10-14 18:04:26,293: INFO: data_validation: Validation status: True]
[2023-10-14 18:04:26,293: INFO: data_validation: Validation status: True]
[2023-10-14 18:04:26,294: INFO: data_validation: Validation status: True]
[2023-10-14 18:04:26,294: INFO: main: >>>> stage Data Validation stage completed <<<<<

x========x]
[2023-10-14 18:04:26,294: INFO: main: >>>> stage Data Transformation stage started <<<<<]
[2023-10-14 18:04:26,296: INFO: common: yaml file: config\config.yaml loaded successfully]
[2023-10-14 18:04:26,296: INFO: common: yaml file: params.yaml loaded successfully]
[2023-10-14 18:04:26,298: INFO: common: yaml file: schema.yaml loaded successfully]
[2023-10-14 18:04:26,299: INFO: common: created directory at: artifacts]
[2023-10-14 18:04:26,299: INFO: common: created directory at: artifacts/data_transformation]
[2023-10-14 18:04:26,314: INFO: data_transformation: Train-Test-Split was successful!]
[2023-10-14 18:04:26,314: INFO: data_transformation: Train-shape(1199, 12)]
[2023-10-14 18:04:26,314: INFO: data_transformation: Test-shape(400, 12)]
[2023-10-14 18:04:26,315: INFO: main: >>>> stage Data Transformation stage completed <<<<<

x========x]
[2023-10-15 15:25:54,523: INFO: common: yaml file: config\config.yaml loaded successfully]
[2023-10-15 15:25:54,529: INFO: common: yaml file: params.yaml loaded successfully]
[2023-10-15 15:25:54,532: INFO: common: yaml file: schema.yaml loaded successfully]
[2023-10-15 15:25:54,533: INFO: common: created directory at: artifacts]
[2023-10-15 15:25:54,534: INFO: common: created directory at: artifacts/model_trainer]
[2023-10-15 15:25:54,556: INFO: 2588956826: Training the model.]
[2023-10-15 15:25:54,558: INFO: 2588956826: Training was successful. Dump the model in [artifacts/model_trainer\model.joblib]]
[2023-10-15 15:35:42,004: INFO: main: >>>> stage Data Ingestion stage started <<<<<]
[2023-10-15 15:35:42,007: INFO: common: yaml file: config\config.yaml loaded successfully]
[2023-10-15 15:35:42,007: INFO: common: yaml file: params.yaml loaded successfully]
[2023-10-15 15:35:42,009: INFO: common: yaml file: schema.yaml loaded successfully]
[2023-10-15 15:35:42,009: INFO: common: created directory at: artifacts]
[2023-10-15 15:35:42,010: INFO: common: created directory at: artifacts/data_ingestion]
[2023-10-15 15:35:42,679: INFO: data_ingestion: artifacts/data_ingestion/data.zip download! with following info: 
Connection: close
Content-Length: 23329
Cache-Control: max-age=300
Content-Security-Policy: default-src 'none'; style-src 'unsafe-inline'; sandbox
Content-Type: application/zip
ETag: "c69888a4ae59bc5a893392785a938ccd4937981c06ba8a9d6a21aa52b4ab5b6e"
Strict-Transport-Security: max-age=31536000
X-Content-Type-Options: nosniff
X-Frame-Options: deny
X-XSS-Protection: 1; mode=block
X-GitHub-Request-Id: 8E72:F503:1D00690:1E55093:652BEAC9
Accept-Ranges: bytes
Date: Sun, 15 Oct 2023 13:36:10 GMT
Via: 1.1 varnish
X-Served-By: cache-ams21056-AMS
X-Cache: MISS
X-Cache-Hits: 0
X-Timer: S1697376971.775242,VS0,VE172
Vary: Authorization,Accept-Encoding,Origin
Access-Control-Allow-Origin: *
Cross-Origin-Resource-Policy: cross-origin
X-Fastly-Request-ID: 5f965d249b43e6d33d73ed525f38d5b6e3bd211b
Expires: Sun, 15 Oct 2023 13:41:10 GMT
Source-Age: 0

]
[2023-10-15 15:35:42,689: INFO: main: >>>> stage Data Ingestion stage completed <<<<<

x========x]
[2023-10-15 15:35:42,689: INFO: main: >>>> stage Data Validation stage started <<<<<]
[2023-10-15 15:35:42,691: INFO: common: yaml file: config\config.yaml loaded successfully]
[2023-10-15 15:35:42,692: INFO: common: yaml file: params.yaml loaded successfully]
[2023-10-15 15:35:42,693: INFO: common: yaml file: schema.yaml loaded successfully]
[2023-10-15 15:35:42,694: INFO: common: created directory at: artifacts]
[2023-10-15 15:35:42,694: INFO: common: created directory at: artifacts/data_validation]
[2023-10-15 15:35:42,704: INFO: data_validation: Validation status: True]
[2023-10-15 15:35:42,705: INFO: data_validation: Validation status: True]
[2023-10-15 15:35:42,705: INFO: data_validation: Validation status: True]
[2023-10-15 15:35:42,706: INFO: data_validation: Validation status: True]
[2023-10-15 15:35:42,706: INFO: data_validation: Validation status: True]
[2023-10-15 15:35:42,707: INFO: data_validation: Validation status: True]
[2023-10-15 15:35:42,707: INFO: data_validation: Validation status: True]
[2023-10-15 15:35:42,708: INFO: data_validation: Validation status: True]
[2023-10-15 15:35:42,708: INFO: data_validation: Validation status: True]
[2023-10-15 15:35:42,709: INFO: data_validation: Validation status: True]
[2023-10-15 15:35:42,709: INFO: data_validation: Validation status: True]
[2023-10-15 15:35:42,710: INFO: data_validation: Validation status: True]
[2023-10-15 15:35:42,710: INFO: main: >>>> stage Data Validation stage completed <<<<<

x========x]
[2023-10-15 15:35:42,710: INFO: main: >>>> stage Data Transformation stage started <<<<<]
[2023-10-15 15:35:42,713: INFO: common: yaml file: config\config.yaml loaded successfully]
[2023-10-15 15:35:42,713: INFO: common: yaml file: params.yaml loaded successfully]
[2023-10-15 15:35:42,714: INFO: common: yaml file: schema.yaml loaded successfully]
[2023-10-15 15:35:42,716: INFO: common: created directory at: artifacts]
[2023-10-15 15:35:42,717: INFO: common: created directory at: artifacts/data_transformation]
[2023-10-15 15:35:42,735: INFO: data_transformation: Train-Test-Split was successful!]
[2023-10-15 15:35:42,735: INFO: data_transformation: Train-shape(1199, 12)]
[2023-10-15 15:35:42,735: INFO: data_transformation: Test-shape(400, 12)]
[2023-10-15 15:35:42,736: INFO: main: >>>> stage Data Transformation stage completed <<<<<

x========x]
[2023-10-15 15:35:42,736: INFO: main: >>>> stage Model Trainer stage started <<<<<]
[2023-10-15 15:35:42,738: INFO: common: yaml file: config\config.yaml loaded successfully]
[2023-10-15 15:35:42,739: INFO: common: yaml file: params.yaml loaded successfully]
[2023-10-15 15:35:42,740: INFO: common: yaml file: schema.yaml loaded successfully]
[2023-10-15 15:35:42,740: INFO: common: created directory at: artifacts]
[2023-10-15 15:35:42,741: INFO: common: created directory at: artifacts/model_trainer]
[2023-10-15 15:35:42,769: INFO: model_trainer: Train the model....]
[2023-10-15 15:35:42,770: INFO: model_trainer: Training was successful. Dump the model in [artifacts/model_trainer\model.joblib]]
[2023-10-15 15:35:42,771: INFO: main: >>>> stage Model Trainer stage completed <<<<<

x========x]
